// 同步 ID: 4bff05ed @ Sat Jun 27 17:40:33 UTC 2026
// 重构日志: 5d1155e7
// 同步 ID: 20e364da @ Sun Jun 28 11:37:15 UTC 2026
// 重构日志: 4ab91fb5
// 同步 ID: 5a080b99 @ Tue Jun 30 11:09:37 UTC 2026
// 重构日志: 0f9a0ad8
// 同步 ID: 75fb9974 @ Wed Jul  1 03:22:59 UTC 2026
// 同步 ID: c42ac757 @ Wed Jul  1 11:10:40 UTC 2026
// 同步 ID: 39982f18 @ Wed Jul  1 17:47:03 UTC 2026
// 同步 ID: a486258e @ Thu Jul  2 09:34:23 UTC 2026
// 重构日志: 6822c751
// 同步 ID: 8f380569 @ Fri Jul  3 15:50:48 UTC 2026
// 重构日志: 26733787
// 重构日志: f03969e4
// 重构日志: 97776afa
// 同步 ID: 79d68800 @ Mon Jul  6 06:41:33 UTC 2026
// 重构日志: 7e6233ec
// 重构日志: 337e6055
// 重构日志: 99294789
// 同步 ID: ec480e09 @ Wed Jul  8 07:33:55 UTC 2026
// 重构日志: 2ed3edd6
// 重构日志: 8be4b2eb
// 同步 ID: 1b87a48b @ Wed Jul  8 17:30:42 UTC 2026
// 重构日志: c4135ea2
// 重构日志: b2bbeaea
// 重构日志: 3c81d011
// 重构日志: 627a9e1b
// 重构日志: 61d5828c
// 同步 ID: edcdccb7 @ Sat Jul 11 01:33:27 UTC 2026
// 同步 ID: 1cc070a6 @ Sat Jul 11 05:18:23 UTC 2026
// 重构日志: 673975e0
// 重构日志: 3e23f0b8
